[2017-06-20T03:21:16.023+0200] [glassfish 4.1] [INFO] [NCLS-LOGGING-00009] [javax.enterprise.logging] [tid: _ThreadID=19 _ThreadName=RunLevelControllerThread-1497921675811] [timeMillis: 1497921676023] [levelValue: 800] [[
  Running GlassFish Version: GlassFish Server Open Source Edition  4.1.1  (build 1)]]

[2017-06-20T03:21:16.034+0200] [glassfish 4.1] [INFO] [NCLS-LOGGING-00010] [javax.enterprise.logging] [tid: _ThreadID=19 _ThreadName=RunLevelControllerThread-1497921675811] [timeMillis: 1497921676034] [levelValue: 800] [[
  Server log file is using Formatter class: com.sun.enterprise.server.logging.ODLLogFormatter]]

[2017-06-20T03:21:16.262+0200] [glassfish 4.1] [INFO] [NCLS-SECURITY-01115] [javax.enterprise.system.core.security] [tid: _ThreadID=20 _ThreadName=RunLevelControllerThread-1497921675817] [timeMillis: 1497921676262] [levelValue: 800] [[
  Realm [admin-realm] of classtype [com.sun.enterprise.security.auth.realm.file.FileRealm] successfully created.]]

[2017-06-20T03:21:16.265+0200] [glassfish 4.1] [INFO] [NCLS-SECURITY-01115] [javax.enterprise.system.core.security] [tid: _ThreadID=20 _ThreadName=RunLevelControllerThread-1497921675817] [timeMillis: 1497921676265] [levelValue: 800] [[
  Realm [file] of classtype [com.sun.enterprise.security.auth.realm.file.FileRealm] successfully created.]]

[2017-06-20T03:21:16.271+0200] [glassfish 4.1] [INFO] [NCLS-SECURITY-01115] [javax.enterprise.system.core.security] [tid: _ThreadID=20 _ThreadName=RunLevelControllerThread-1497921675817] [timeMillis: 1497921676271] [levelValue: 800] [[
  Realm [certificate] of classtype [com.sun.enterprise.security.auth.realm.certificate.CertificateRealm] successfully created.]]

[2017-06-20T03:21:16.387+0200] [glassfish 4.1] [INFO] [] [org.hibernate.validator.internal.util.Version] [tid: _ThreadID=21 _ThreadName=RunLevelControllerThread-1497921675817] [timeMillis: 1497921676387] [levelValue: 800] [[
  HV000001: Hibernate Validator 5.1.2.Final]]

[2017-06-20T03:21:16.403+0200] [glassfish 4.1] [INFO] [SEC-SVCS-00100] [javax.enterprise.security.services] [tid: _ThreadID=18 _ThreadName=RunLevelControllerThread-1497921675809] [timeMillis: 1497921676403] [levelValue: 800] [[
  Authorization Service has successfully initialized.]]

[2017-06-20T03:21:16.478+0200] [glassfish 4.1] [INFO] [] [org.glassfish.ha.store.spi.BackingStoreFactoryRegistry] [tid: _ThreadID=19 _ThreadName=RunLevelControllerThread-1497921675811] [timeMillis: 1497921676478] [levelValue: 800] [[
  Registered org.glassfish.ha.store.adapter.cache.ShoalBackingStoreProxy for persistence-type = replicated in BackingStoreFactoryRegistry]]

[2017-06-20T03:21:16.635+0200] [glassfish 4.1] [WARNING] [] [org.glassfish.grizzly.config.Utils] [tid: _ThreadID=20 _ThreadName=RunLevelControllerThread-1497921675817] [timeMillis: 1497921676635] [levelValue: 900] [[
  Instance could not be initialized. Class=interface org.glassfish.grizzly.http.server.AddOn, name=http-listener-1, realClassName=org.glassfish.grizzly.http2.Http2AddOn]]

[2017-06-20T03:21:16.730+0200] [glassfish 4.1] [INFO] [NCLS-CORE-00087] [javax.enterprise.system.core] [tid: _ThreadID=20 _ThreadName=RunLevelControllerThread-1497921675817] [timeMillis: 1497921676730] [levelValue: 800] [[
  Grizzly Framework 2.3.23 started in: 70ms - bound to [/0.0.0.0:8080]]]

[2017-06-20T03:21:16.750+0200] [glassfish 4.1] [WARNING] [] [org.glassfish.grizzly.config.Utils] [tid: _ThreadID=20 _ThreadName=RunLevelControllerThread-1497921675817] [timeMillis: 1497921676750] [levelValue: 900] [[
  Instance could not be initialized. Class=interface org.glassfish.grizzly.http.server.AddOn, name=http-listener-2, realClassName=org.glassfish.grizzly.http2.Http2AddOn]]

[2017-06-20T03:21:16.760+0200] [glassfish 4.1] [INFO] [NCLS-CORE-00087] [javax.enterprise.system.core] [tid: _ThreadID=20 _ThreadName=RunLevelControllerThread-1497921675817] [timeMillis: 1497921676760] [levelValue: 800] [[
  Grizzly Framework 2.3.23 started in: 7ms - bound to [/0.0.0.0:8181]]]

[2017-06-20T03:21:16.779+0200] [glassfish 4.1] [WARNING] [] [org.glassfish.grizzly.config.Utils] [tid: _ThreadID=20 _ThreadName=RunLevelControllerThread-1497921675817] [timeMillis: 1497921676779] [levelValue: 900] [[
  Instance could not be initialized. Class=interface org.glassfish.grizzly.http.server.AddOn, name=admin-listener, realClassName=org.glassfish.grizzly.http2.Http2AddOn]]

[2017-06-20T03:21:16.794+0200] [glassfish 4.1] [INFO] [NCLS-CORE-00087] [javax.enterprise.system.core] [tid: _ThreadID=20 _ThreadName=RunLevelControllerThread-1497921675817] [timeMillis: 1497921676794] [levelValue: 800] [[
  Grizzly Framework 2.3.23 started in: 2ms - bound to [/0.0.0.0:4848]]]

[2017-06-20T03:21:16.826+0200] [glassfish 4.1] [INFO] [NCLS-CORE-00087] [javax.enterprise.system.core] [tid: _ThreadID=19 _ThreadName=RunLevelControllerThread-1497921675811] [timeMillis: 1497921676826] [levelValue: 800] [[
  Grizzly Framework 2.3.23 started in: 2ms - bound to [/0.0.0.0:3700]]]

[2017-06-20T03:21:16.827+0200] [glassfish 4.1] [INFO] [NCLS-CORE-00017] [javax.enterprise.system.core] [tid: _ThreadID=1 _ThreadName=main] [timeMillis: 1497921676827] [levelValue: 800] [[
  GlassFish Server Open Source Edition  4.1.1  (1) startup time : Felix (4.195ms), startup services(1.023ms), total(5.218ms)]]

[2017-06-20T03:21:16.925+0200] [glassfish 4.1] [INFO] [jts.startup_msg] [javax.enterprise.system.core.transaction.com.sun.jts.CosTransactions] [tid: _ThreadID=18 _ThreadName=RunLevelControllerThread-1497921675809] [timeMillis: 1497921676925] [levelValue: 800] [[
  JTS5014: Recoverable JTS instance, serverId = [100]]]

[2017-06-20T03:21:17.052+0200] [glassfish 4.1] [INFO] [NCLS-JMX-00005] [javax.enterprise.system.jmx] [tid: _ThreadID=63 _ThreadName=Thread-13] [timeMillis: 1497921677052] [levelValue: 800] [[
  JMXStartupService has started JMXConnector on JMXService URL service:jmx:rmi://Jonas-Win10:8686/jndi/rmi://Jonas-Win10:8686/jmxrmi]]

[2017-06-20T03:21:17.138+0200] [glassfish 4.1] [INFO] [NCLS-CORE-00087] [javax.enterprise.system.core] [tid: _ThreadID=21 _ThreadName=RunLevelControllerThread-1497921675817] [timeMillis: 1497921677138] [levelValue: 800] [[
  Grizzly Framework 2.3.23 started in: 2ms - bound to [/0.0.0.0:7676]]]

[2017-06-20T03:21:17.140+0200] [glassfish 4.1] [INFO] [NCLS-BOOTSTRAP-00027] [javax.enterprise.bootstrap] [tid: _ThreadID=1 _ThreadName=main] [timeMillis: 1497921677140] [levelValue: 800] [[
  Registered com.sun.enterprise.glassfish.bootstrap.osgi.EmbeddedOSGiGlassFishImpl@1e79d43 as OSGi service registration: org.apache.felix.framework.ServiceRegistrationImpl@427a12b6.]]

[2017-06-20T03:21:18.210+0200] [glassfish 4.1] [WARNING] [] [org.glassfish.grizzly.config.Utils] [tid: _ThreadID=76 _ThreadName=pool-15-thread-1] [timeMillis: 1497921678210] [levelValue: 900] [[
  Instance could not be initialized. Class=interface org.glassfish.grizzly.http.server.AddOn, name=http-listener-2, realClassName=org.glassfish.grizzly.http2.Http2AddOn]]

[2017-06-20T03:21:18.219+0200] [glassfish 4.1] [INFO] [NCLS-CORE-00087] [javax.enterprise.system.core] [tid: _ThreadID=76 _ThreadName=pool-15-thread-1] [timeMillis: 1497921678219] [levelValue: 800] [[
  Grizzly Framework 2.3.23 started in: 6ms - bound to [/0.0.0.0:8181]]]

[2017-06-20T03:21:18.301+0200] [glassfish 4.1] [WARNING] [] [org.glassfish.grizzly.config.Utils] [tid: _ThreadID=40 _ThreadName=pool-10-thread-1] [timeMillis: 1497921678301] [levelValue: 900] [[
  Instance could not be initialized. Class=interface org.glassfish.grizzly.http.server.AddOn, name=http-listener-1, realClassName=org.glassfish.grizzly.http2.Http2AddOn]]

[2017-06-20T03:21:18.315+0200] [glassfish 4.1] [INFO] [NCLS-CORE-00087] [javax.enterprise.system.core] [tid: _ThreadID=40 _ThreadName=pool-10-thread-1] [timeMillis: 1497921678315] [levelValue: 800] [[
  Grizzly Framework 2.3.23 started in: 10ms - bound to [/0.0.0.0:8080]]]

[2017-06-20T03:21:19.470+0200] [glassfish 4.1] [INFO] [] [javax.enterprise.system.tools.deployment.common] [tid: _ThreadID=55 _ThreadName=admin-listener(3)] [timeMillis: 1497921679470] [levelValue: 800] [[
  visiting unvisited references]]

[2017-06-20T03:21:19.695+0200] [glassfish 4.1] [INFO] [NCLS-SECURITY-01002] [javax.enterprise.system.core.security] [tid: _ThreadID=55 _ThreadName=admin-listener(3)] [timeMillis: 1497921679695] [levelValue: 800] [[
  Java security manager is disabled.]]

[2017-06-20T03:21:19.695+0200] [glassfish 4.1] [INFO] [NCLS-SECURITY-01010] [javax.enterprise.system.core.security] [tid: _ThreadID=55 _ThreadName=admin-listener(3)] [timeMillis: 1497921679695] [levelValue: 800] [[
  Entering Security Startup Service.]]

[2017-06-20T03:21:19.700+0200] [glassfish 4.1] [INFO] [NCLS-SECURITY-01143] [javax.enterprise.system.core.security] [tid: _ThreadID=55 _ThreadName=admin-listener(3)] [timeMillis: 1497921679700] [levelValue: 800] [[
  Loading policy provider com.sun.enterprise.security.provider.PolicyWrapper.]]

[2017-06-20T03:21:19.738+0200] [glassfish 4.1] [INFO] [NCLS-SECURITY-01011] [javax.enterprise.system.core.security] [tid: _ThreadID=55 _ThreadName=admin-listener(3)] [timeMillis: 1497921679738] [levelValue: 800] [[
  Security Service(s) started successfully.]]

[2017-06-20T03:21:19.938+0200] [glassfish 4.1] [INFO] [AS-WEB-GLUE-00198] [javax.enterprise.web] [tid: _ThreadID=55 _ThreadName=admin-listener(3)] [timeMillis: 1497921679938] [levelValue: 800] [[
  Created HTTP listener http-listener-1 on host/port 0.0.0.0:8080]]

[2017-06-20T03:21:19.944+0200] [glassfish 4.1] [INFO] [AS-WEB-GLUE-00198] [javax.enterprise.web] [tid: _ThreadID=55 _ThreadName=admin-listener(3)] [timeMillis: 1497921679944] [levelValue: 800] [[
  Created HTTP listener http-listener-2 on host/port 0.0.0.0:8181]]

[2017-06-20T03:21:19.946+0200] [glassfish 4.1] [INFO] [AS-WEB-GLUE-00198] [javax.enterprise.web] [tid: _ThreadID=55 _ThreadName=admin-listener(3)] [timeMillis: 1497921679946] [levelValue: 800] [[
  Created HTTP listener admin-listener on host/port 0.0.0.0:4848]]

[2017-06-20T03:21:19.971+0200] [glassfish 4.1] [INFO] [AS-WEB-GLUE-00200] [javax.enterprise.web] [tid: _ThreadID=55 _ThreadName=admin-listener(3)] [timeMillis: 1497921679971] [levelValue: 800] [[
  Created virtual server server]]

[2017-06-20T03:21:19.973+0200] [glassfish 4.1] [INFO] [AS-WEB-GLUE-00200] [javax.enterprise.web] [tid: _ThreadID=55 _ThreadName=admin-listener(3)] [timeMillis: 1497921679973] [levelValue: 800] [[
  Created virtual server __asadmin]]

[2017-06-20T03:21:20.147+0200] [glassfish 4.1] [INFO] [AS-WEB-CORE-00306] [javax.enterprise.web.core] [tid: _ThreadID=55 _ThreadName=admin-listener(3)] [timeMillis: 1497921680147] [levelValue: 800] [[
  Setting JAAS app name glassfish-web]]

[2017-06-20T03:21:20.148+0200] [glassfish 4.1] [INFO] [AS-WEB-GLUE-00201] [javax.enterprise.web] [tid: _ThreadID=55 _ThreadName=admin-listener(3)] [timeMillis: 1497921680148] [levelValue: 800] [[
  Virtual server server loaded default web module ]]

[2017-06-20T03:21:20.544+0200] [glassfish 4.1] [INFO] [] [javax.enterprise.system.tools.deployment.common] [tid: _ThreadID=55 _ThreadName=admin-listener(3)] [timeMillis: 1497921680544] [levelValue: 800] [[
  visiting unvisited references]]

[2017-06-20T03:21:20.603+0200] [glassfish 4.1] [INFO] [] [javax.enterprise.system.tools.deployment.common] [tid: _ThreadID=55 _ThreadName=admin-listener(3)] [timeMillis: 1497921680603] [levelValue: 800] [[
  visiting unvisited references]]

[2017-06-20T03:21:20.605+0200] [glassfish 4.1] [INFO] [] [javax.enterprise.system.tools.deployment.common] [tid: _ThreadID=55 _ThreadName=admin-listener(3)] [timeMillis: 1497921680605] [levelValue: 800] [[
  visiting unvisited references]]

[2017-06-20T03:21:20.751+0200] [glassfish 4.1] [WARNING] [] [javax.enterprise.web.util] [tid: _ThreadID=55 _ThreadName=admin-listener(3)] [timeMillis: 1497921680751] [levelValue: 900] [[
  The web application [unknown] registered the JDBC driver [org.sqlite.JDBC] but failed to unregister it when the web application was stopped. To prevent a memory leak, the JDBC Driver has been forcibly unregistered.]]

[2017-06-20T03:21:20.886+0200] [glassfish 4.1] [INFO] [AS-WEB-GLUE-00172] [javax.enterprise.web] [tid: _ThreadID=55 _ThreadName=admin-listener(3)] [timeMillis: 1497921680886] [levelValue: 800] [[
  Loading application [ContentMangementSystem] at [/ContentMangementSystem]]]

[2017-06-20T03:21:20.939+0200] [glassfish 4.1] [INFO] [] [javax.enterprise.system.core] [tid: _ThreadID=55 _ThreadName=admin-listener(3)] [timeMillis: 1497921680939] [levelValue: 800] [[
  ContentMangementSystem was successfully deployed in 1.651 milliseconds.]]

[2017-06-20T03:21:26.886+0200] [glassfish 4.1] [INFO] [] [] [tid: _ThreadID=102 _ThreadName=Thread-8] [timeMillis: 1497921686886] [levelValue: 800] [[
  C:\Users\Jonas\Desktop\Code\cms\ContentMangementSystem\server\glassfish\domains\domain1\config]]

[2017-06-20T03:21:30.347+0200] [glassfish 4.1] [SEVERE] [] [] [tid: _ThreadID=102 _ThreadName=Thread-9] [timeMillis: 1497921690347] [levelValue: 1000] [[
  org.sqlite.SQLiteException: [SQLITE_BUSY]  The database file is locked (database is locked)]]

[2017-06-20T03:56:42.887+0200] [glassfish 4.1] [INFO] [NCLS-LOGGING-00009] [javax.enterprise.logging] [tid: _ThreadID=18 _ThreadName=RunLevelControllerThread-1497923802791] [timeMillis: 1497923802887] [levelValue: 800] [[
  Running GlassFish Version: GlassFish Server Open Source Edition  4.1.1  (build 1)]]

[2017-06-20T03:56:42.888+0200] [glassfish 4.1] [INFO] [NCLS-LOGGING-00010] [javax.enterprise.logging] [tid: _ThreadID=18 _ThreadName=RunLevelControllerThread-1497923802791] [timeMillis: 1497923802888] [levelValue: 800] [[
  Server log file is using Formatter class: com.sun.enterprise.server.logging.ODLLogFormatter]]

[2017-06-20T03:56:42.976+0200] [glassfish 4.1] [INFO] [NCLS-SECURITY-01115] [javax.enterprise.system.core.security] [tid: _ThreadID=17 _ThreadName=RunLevelControllerThread-1497923802790] [timeMillis: 1497923802976] [levelValue: 800] [[
  Realm [admin-realm] of classtype [com.sun.enterprise.security.auth.realm.file.FileRealm] successfully created.]]

[2017-06-20T03:56:42.978+0200] [glassfish 4.1] [INFO] [NCLS-SECURITY-01115] [javax.enterprise.system.core.security] [tid: _ThreadID=17 _ThreadName=RunLevelControllerThread-1497923802790] [timeMillis: 1497923802978] [levelValue: 800] [[
  Realm [file] of classtype [com.sun.enterprise.security.auth.realm.file.FileRealm] successfully created.]]

[2017-06-20T03:56:42.981+0200] [glassfish 4.1] [INFO] [NCLS-SECURITY-01115] [javax.enterprise.system.core.security] [tid: _ThreadID=17 _ThreadName=RunLevelControllerThread-1497923802790] [timeMillis: 1497923802981] [levelValue: 800] [[
  Realm [certificate] of classtype [com.sun.enterprise.security.auth.realm.certificate.CertificateRealm] successfully created.]]

[2017-06-20T03:56:43.074+0200] [glassfish 4.1] [INFO] [SEC-SVCS-00100] [javax.enterprise.security.services] [tid: _ThreadID=20 _ThreadName=RunLevelControllerThread-1497923802795] [timeMillis: 1497923803074] [levelValue: 800] [[
  Authorization Service has successfully initialized.]]

[2017-06-20T03:56:43.191+0200] [glassfish 4.1] [INFO] [] [org.glassfish.ha.store.spi.BackingStoreFactoryRegistry] [tid: _ThreadID=20 _ThreadName=RunLevelControllerThread-1497923802795] [timeMillis: 1497923803191] [levelValue: 800] [[
  Registered org.glassfish.ha.store.adapter.cache.ShoalBackingStoreProxy for persistence-type = replicated in BackingStoreFactoryRegistry]]

[2017-06-20T03:56:43.240+0200] [glassfish 4.1] [INFO] [jts.startup_msg] [javax.enterprise.system.core.transaction.com.sun.jts.CosTransactions] [tid: _ThreadID=18 _ThreadName=RunLevelControllerThread-1497923802791] [timeMillis: 1497923803240] [levelValue: 800] [[
  JTS5014: Recoverable JTS instance, serverId = [100]]]

[2017-06-20T03:56:43.263+0200] [glassfish 4.1] [WARNING] [] [org.glassfish.grizzly.config.Utils] [tid: _ThreadID=17 _ThreadName=RunLevelControllerThread-1497923802790] [timeMillis: 1497923803263] [levelValue: 900] [[
  Instance could not be initialized. Class=interface org.glassfish.grizzly.http.server.AddOn, name=http-listener-1, realClassName=org.glassfish.grizzly.http2.Http2AddOn]]

[2017-06-20T03:56:43.311+0200] [glassfish 4.1] [INFO] [NCLS-CORE-00087] [javax.enterprise.system.core] [tid: _ThreadID=17 _ThreadName=RunLevelControllerThread-1497923802790] [timeMillis: 1497923803311] [levelValue: 800] [[
  Grizzly Framework 2.3.23 started in: 25ms - bound to [/0.0.0.0:8080]]]

[2017-06-20T03:56:43.328+0200] [glassfish 4.1] [WARNING] [] [org.glassfish.grizzly.config.Utils] [tid: _ThreadID=17 _ThreadName=RunLevelControllerThread-1497923802790] [timeMillis: 1497923803328] [levelValue: 900] [[
  Instance could not be initialized. Class=interface org.glassfish.grizzly.http.server.AddOn, name=http-listener-2, realClassName=org.glassfish.grizzly.http2.Http2AddOn]]

[2017-06-20T03:56:43.334+0200] [glassfish 4.1] [INFO] [NCLS-CORE-00087] [javax.enterprise.system.core] [tid: _ThreadID=17 _ThreadName=RunLevelControllerThread-1497923802790] [timeMillis: 1497923803334] [levelValue: 800] [[
  Grizzly Framework 2.3.23 started in: 2ms - bound to [/0.0.0.0:8181]]]

[2017-06-20T03:56:43.363+0200] [glassfish 4.1] [WARNING] [] [org.glassfish.grizzly.config.Utils] [tid: _ThreadID=17 _ThreadName=RunLevelControllerThread-1497923802790] [timeMillis: 1497923803363] [levelValue: 900] [[
  Instance could not be initialized. Class=interface org.glassfish.grizzly.http.server.AddOn, name=admin-listener, realClassName=org.glassfish.grizzly.http2.Http2AddOn]]

[2017-06-20T03:56:43.370+0200] [glassfish 4.1] [INFO] [NCLS-CORE-00087] [javax.enterprise.system.core] [tid: _ThreadID=17 _ThreadName=RunLevelControllerThread-1497923802790] [timeMillis: 1497923803370] [levelValue: 800] [[
  Grizzly Framework 2.3.23 started in: 2ms - bound to [/0.0.0.0:4848]]]

[2017-06-20T03:56:43.400+0200] [glassfish 4.1] [INFO] [NCLS-CORE-00087] [javax.enterprise.system.core] [tid: _ThreadID=20 _ThreadName=RunLevelControllerThread-1497923802795] [timeMillis: 1497923803400] [levelValue: 800] [[
  Grizzly Framework 2.3.23 started in: 2ms - bound to [/0.0.0.0:3700]]]

[2017-06-20T03:56:43.443+0200] [glassfish 4.1] [INFO] [] [javax.enterprise.system.tools.deployment.common] [tid: _ThreadID=18 _ThreadName=RunLevelControllerThread-1497923802791] [timeMillis: 1497923803443] [levelValue: 800] [[
  visiting unvisited references]]

[2017-06-20T03:56:43.671+0200] [glassfish 4.1] [INFO] [NCLS-SECURITY-01002] [javax.enterprise.system.core.security] [tid: _ThreadID=18 _ThreadName=RunLevelControllerThread-1497923802791] [timeMillis: 1497923803671] [levelValue: 800] [[
  Java security manager is disabled.]]

[2017-06-20T03:56:43.672+0200] [glassfish 4.1] [INFO] [NCLS-SECURITY-01010] [javax.enterprise.system.core.security] [tid: _ThreadID=18 _ThreadName=RunLevelControllerThread-1497923802791] [timeMillis: 1497923803672] [levelValue: 800] [[
  Entering Security Startup Service.]]

[2017-06-20T03:56:43.674+0200] [glassfish 4.1] [INFO] [NCLS-SECURITY-01143] [javax.enterprise.system.core.security] [tid: _ThreadID=18 _ThreadName=RunLevelControllerThread-1497923802791] [timeMillis: 1497923803674] [levelValue: 800] [[
  Loading policy provider com.sun.enterprise.security.provider.PolicyWrapper.]]

[2017-06-20T03:56:43.696+0200] [glassfish 4.1] [INFO] [NCLS-SECURITY-01011] [javax.enterprise.system.core.security] [tid: _ThreadID=18 _ThreadName=RunLevelControllerThread-1497923802791] [timeMillis: 1497923803696] [levelValue: 800] [[
  Security Service(s) started successfully.]]

[2017-06-20T03:56:43.873+0200] [glassfish 4.1] [INFO] [AS-WEB-GLUE-00198] [javax.enterprise.web] [tid: _ThreadID=18 _ThreadName=RunLevelControllerThread-1497923802791] [timeMillis: 1497923803873] [levelValue: 800] [[
  Created HTTP listener http-listener-1 on host/port 0.0.0.0:8080]]

[2017-06-20T03:56:43.879+0200] [glassfish 4.1] [INFO] [AS-WEB-GLUE-00198] [javax.enterprise.web] [tid: _ThreadID=18 _ThreadName=RunLevelControllerThread-1497923802791] [timeMillis: 1497923803879] [levelValue: 800] [[
  Created HTTP listener http-listener-2 on host/port 0.0.0.0:8181]]

[2017-06-20T03:56:43.882+0200] [glassfish 4.1] [INFO] [AS-WEB-GLUE-00198] [javax.enterprise.web] [tid: _ThreadID=18 _ThreadName=RunLevelControllerThread-1497923802791] [timeMillis: 1497923803882] [levelValue: 800] [[
  Created HTTP listener admin-listener on host/port 0.0.0.0:4848]]

[2017-06-20T03:56:43.902+0200] [glassfish 4.1] [INFO] [AS-WEB-GLUE-00200] [javax.enterprise.web] [tid: _ThreadID=18 _ThreadName=RunLevelControllerThread-1497923802791] [timeMillis: 1497923803902] [levelValue: 800] [[
  Created virtual server server]]

[2017-06-20T03:56:43.905+0200] [glassfish 4.1] [INFO] [AS-WEB-GLUE-00200] [javax.enterprise.web] [tid: _ThreadID=18 _ThreadName=RunLevelControllerThread-1497923802791] [timeMillis: 1497923803905] [levelValue: 800] [[
  Created virtual server __asadmin]]

[2017-06-20T03:56:44.103+0200] [glassfish 4.1] [INFO] [AS-WEB-CORE-00306] [javax.enterprise.web.core] [tid: _ThreadID=18 _ThreadName=RunLevelControllerThread-1497923802791] [timeMillis: 1497923804103] [levelValue: 800] [[
  Setting JAAS app name glassfish-web]]

[2017-06-20T03:56:44.103+0200] [glassfish 4.1] [INFO] [AS-WEB-GLUE-00201] [javax.enterprise.web] [tid: _ThreadID=18 _ThreadName=RunLevelControllerThread-1497923802791] [timeMillis: 1497923804103] [levelValue: 800] [[
  Virtual server server loaded default web module ]]

[2017-06-20T03:56:44.542+0200] [glassfish 4.1] [INFO] [] [javax.enterprise.system.tools.deployment.common] [tid: _ThreadID=18 _ThreadName=RunLevelControllerThread-1497923802791] [timeMillis: 1497923804542] [levelValue: 800] [[
  visiting unvisited references]]

[2017-06-20T03:56:44.596+0200] [glassfish 4.1] [INFO] [] [javax.enterprise.system.tools.deployment.common] [tid: _ThreadID=18 _ThreadName=RunLevelControllerThread-1497923802791] [timeMillis: 1497923804596] [levelValue: 800] [[
  visiting unvisited references]]

[2017-06-20T03:56:44.598+0200] [glassfish 4.1] [INFO] [] [javax.enterprise.system.tools.deployment.common] [tid: _ThreadID=18 _ThreadName=RunLevelControllerThread-1497923802791] [timeMillis: 1497923804598] [levelValue: 800] [[
  visiting unvisited references]]

[2017-06-20T03:56:44.695+0200] [glassfish 4.1] [WARNING] [] [javax.enterprise.web.util] [tid: _ThreadID=18 _ThreadName=RunLevelControllerThread-1497923802791] [timeMillis: 1497923804695] [levelValue: 900] [[
  The web application [unknown] registered the JDBC driver [org.sqlite.JDBC] but failed to unregister it when the web application was stopped. To prevent a memory leak, the JDBC Driver has been forcibly unregistered.]]

[2017-06-20T03:56:44.787+0200] [glassfish 4.1] [INFO] [AS-WEB-GLUE-00172] [javax.enterprise.web] [tid: _ThreadID=18 _ThreadName=RunLevelControllerThread-1497923802791] [timeMillis: 1497923804787] [levelValue: 800] [[
  Loading application [ContentMangementSystem] at [/ContentMangementSystem]]]

[2017-06-20T03:56:44.790+0200] [glassfish 4.1] [INFO] [NCLS-CORE-00022] [javax.enterprise.system.core] [tid: _ThreadID=18 _ThreadName=RunLevelControllerThread-1497923802791] [timeMillis: 1497923804790] [levelValue: 800] [[
  Loading application ContentMangementSystem done in 1.607 ms]]

[2017-06-20T03:56:44.791+0200] [glassfish 4.1] [INFO] [NCLS-CORE-00017] [javax.enterprise.system.core] [tid: _ThreadID=1 _ThreadName=main] [timeMillis: 1497923804791] [levelValue: 800] [[
  GlassFish Server Open Source Edition  4.1.1  (1) startup time : Felix (1.551ms), startup services(2.006ms), total(3.557ms)]]

[2017-06-20T03:56:44.852+0200] [glassfish 4.1] [INFO] [NCLS-CORE-00087] [javax.enterprise.system.core] [tid: _ThreadID=19 _ThreadName=RunLevelControllerThread-1497923802795] [timeMillis: 1497923804852] [levelValue: 800] [[
  Grizzly Framework 2.3.23 started in: 3ms - bound to [/0.0.0.0:7676]]]

[2017-06-20T03:56:44.934+0200] [glassfish 4.1] [INFO] [NCLS-BOOTSTRAP-00027] [javax.enterprise.bootstrap] [tid: _ThreadID=1 _ThreadName=main] [timeMillis: 1497923804934] [levelValue: 800] [[
  Registered com.sun.enterprise.glassfish.bootstrap.osgi.EmbeddedOSGiGlassFishImpl@1436a7ab as OSGi service registration: org.apache.felix.framework.ServiceRegistrationImpl@796065aa.]]

[2017-06-20T03:56:45.022+0200] [glassfish 4.1] [INFO] [NCLS-JMX-00005] [javax.enterprise.system.jmx] [tid: _ThreadID=66 _ThreadName=Thread-18] [timeMillis: 1497923805022] [levelValue: 800] [[
  JMXStartupService has started JMXConnector on JMXService URL service:jmx:rmi://Jonas-Win10:8686/jndi/rmi://Jonas-Win10:8686/jmxrmi]]

[2017-06-20T03:56:46.628+0200] [glassfish 4.1] [INFO] [] [org.hibernate.validator.internal.util.Version] [tid: _ThreadID=44 _ThreadName=admin-listener(2)] [timeMillis: 1497923806628] [levelValue: 800] [[
  HV000001: Hibernate Validator 5.1.2.Final]]

[2017-06-20T03:56:47.216+0200] [glassfish 4.1] [WARNING] [] [org.glassfish.grizzly.config.Utils] [tid: _ThreadID=95 _ThreadName=pool-20-thread-1] [timeMillis: 1497923807216] [levelValue: 900] [[
  Instance could not be initialized. Class=interface org.glassfish.grizzly.http.server.AddOn, name=http-listener-2, realClassName=org.glassfish.grizzly.http2.Http2AddOn]]

[2017-06-20T03:56:47.218+0200] [glassfish 4.1] [INFO] [AS-WEB-GLUE-00198] [javax.enterprise.web] [tid: _ThreadID=95 _ThreadName=pool-20-thread-1] [timeMillis: 1497923807218] [levelValue: 800] [[
  Created HTTP listener http-listener-2 on host/port 0.0.0.0:8181]]

[2017-06-20T03:56:47.229+0200] [glassfish 4.1] [INFO] [NCLS-CORE-00087] [javax.enterprise.system.core] [tid: _ThreadID=95 _ThreadName=pool-20-thread-1] [timeMillis: 1497923807229] [levelValue: 800] [[
  Grizzly Framework 2.3.23 started in: 4ms - bound to [/0.0.0.0:8181]]]

[2017-06-20T03:56:47.305+0200] [glassfish 4.1] [WARNING] [] [org.glassfish.grizzly.config.Utils] [tid: _ThreadID=92 _ThreadName=pool-17-thread-1] [timeMillis: 1497923807305] [levelValue: 900] [[
  Instance could not be initialized. Class=interface org.glassfish.grizzly.http.server.AddOn, name=http-listener-1, realClassName=org.glassfish.grizzly.http2.Http2AddOn]]

[2017-06-20T03:56:47.307+0200] [glassfish 4.1] [INFO] [AS-WEB-GLUE-00198] [javax.enterprise.web] [tid: _ThreadID=92 _ThreadName=pool-17-thread-1] [timeMillis: 1497923807307] [levelValue: 800] [[
  Created HTTP listener http-listener-1 on host/port 0.0.0.0:8080]]

[2017-06-20T03:56:47.314+0200] [glassfish 4.1] [INFO] [NCLS-CORE-00087] [javax.enterprise.system.core] [tid: _ThreadID=92 _ThreadName=pool-17-thread-1] [timeMillis: 1497923807314] [levelValue: 800] [[
  Grizzly Framework 2.3.23 started in: 4ms - bound to [/0.0.0.0:8080]]]

[2017-06-20T03:56:48.071+0200] [glassfish 4.1] [INFO] [] [javax.enterprise.system.tools.deployment.common] [tid: _ThreadID=44 _ThreadName=admin-listener(2)] [timeMillis: 1497923808071] [levelValue: 800] [[
  visiting unvisited references]]

[2017-06-20T03:56:48.149+0200] [glassfish 4.1] [INFO] [] [javax.enterprise.system.tools.deployment.common] [tid: _ThreadID=44 _ThreadName=admin-listener(2)] [timeMillis: 1497923808149] [levelValue: 800] [[
  visiting unvisited references]]

[2017-06-20T03:56:48.157+0200] [glassfish 4.1] [INFO] [] [javax.enterprise.system.tools.deployment.common] [tid: _ThreadID=44 _ThreadName=admin-listener(2)] [timeMillis: 1497923808157] [levelValue: 800] [[
  visiting unvisited references]]

[2017-06-20T03:56:48.158+0200] [glassfish 4.1] [INFO] [] [javax.enterprise.system.tools.deployment.common] [tid: _ThreadID=44 _ThreadName=admin-listener(2)] [timeMillis: 1497923808158] [levelValue: 800] [[
  visiting unvisited references]]

[2017-06-20T03:56:48.290+0200] [glassfish 4.1] [INFO] [AS-WEB-GLUE-00172] [javax.enterprise.web] [tid: _ThreadID=44 _ThreadName=admin-listener(2)] [timeMillis: 1497923808290] [levelValue: 800] [[
  Loading application [ContentMangementSystem] at [/ContentMangementSystem]]]

[2017-06-20T03:56:48.350+0200] [glassfish 4.1] [INFO] [] [javax.enterprise.system.core] [tid: _ThreadID=44 _ThreadName=admin-listener(2)] [timeMillis: 1497923808350] [levelValue: 800] [[
  ContentMangementSystem was successfully deployed in 425 milliseconds.]]

[2017-06-20T03:57:00.106+0200] [glassfish 4.1] [INFO] [] [] [tid: _ThreadID=107 _ThreadName=Thread-8] [timeMillis: 1497923820106] [levelValue: 800] [[
  C:\Users\Jonas\Desktop\Code\cms\ContentMangementSystem\server\glassfish\domains\domain1\config]]

[2017-06-20T03:57:04.509+0200] [glassfish 4.1] [SEVERE] [] [] [tid: _ThreadID=107 _ThreadName=Thread-9] [timeMillis: 1497923824509] [levelValue: 1000] [[
  org.sqlite.SQLiteException: [SQLITE_BUSY]  The database file is locked (database is locked)]]

[2017-06-20T03:57:58.217+0200] [glassfish 4.1] [INFO] [NCLS-LOGGING-00009] [javax.enterprise.logging] [tid: _ThreadID=18 _ThreadName=RunLevelControllerThread-1497923878125] [timeMillis: 1497923878217] [levelValue: 800] [[
  Running GlassFish Version: GlassFish Server Open Source Edition  4.1.1  (build 1)]]

[2017-06-20T03:57:58.218+0200] [glassfish 4.1] [INFO] [NCLS-LOGGING-00010] [javax.enterprise.logging] [tid: _ThreadID=18 _ThreadName=RunLevelControllerThread-1497923878125] [timeMillis: 1497923878218] [levelValue: 800] [[
  Server log file is using Formatter class: com.sun.enterprise.server.logging.ODLLogFormatter]]

[2017-06-20T03:57:58.303+0200] [glassfish 4.1] [INFO] [NCLS-SECURITY-01115] [javax.enterprise.system.core.security] [tid: _ThreadID=17 _ThreadName=RunLevelControllerThread-1497923878125] [timeMillis: 1497923878303] [levelValue: 800] [[
  Realm [admin-realm] of classtype [com.sun.enterprise.security.auth.realm.file.FileRealm] successfully created.]]

[2017-06-20T03:57:58.304+0200] [glassfish 4.1] [INFO] [NCLS-SECURITY-01115] [javax.enterprise.system.core.security] [tid: _ThreadID=17 _ThreadName=RunLevelControllerThread-1497923878125] [timeMillis: 1497923878304] [levelValue: 800] [[
  Realm [file] of classtype [com.sun.enterprise.security.auth.realm.file.FileRealm] successfully created.]]

[2017-06-20T03:57:58.309+0200] [glassfish 4.1] [INFO] [NCLS-SECURITY-01115] [javax.enterprise.system.core.security] [tid: _ThreadID=17 _ThreadName=RunLevelControllerThread-1497923878125] [timeMillis: 1497923878309] [levelValue: 800] [[
  Realm [certificate] of classtype [com.sun.enterprise.security.auth.realm.certificate.CertificateRealm] successfully created.]]

[2017-06-20T03:57:58.406+0200] [glassfish 4.1] [INFO] [SEC-SVCS-00100] [javax.enterprise.security.services] [tid: _ThreadID=20 _ThreadName=RunLevelControllerThread-1497923878129] [timeMillis: 1497923878406] [levelValue: 800] [[
  Authorization Service has successfully initialized.]]

[2017-06-20T03:57:58.530+0200] [glassfish 4.1] [INFO] [] [org.glassfish.ha.store.spi.BackingStoreFactoryRegistry] [tid: _ThreadID=20 _ThreadName=RunLevelControllerThread-1497923878129] [timeMillis: 1497923878530] [levelValue: 800] [[
  Registered org.glassfish.ha.store.adapter.cache.ShoalBackingStoreProxy for persistence-type = replicated in BackingStoreFactoryRegistry]]

[2017-06-20T03:57:58.577+0200] [glassfish 4.1] [INFO] [jts.startup_msg] [javax.enterprise.system.core.transaction.com.sun.jts.CosTransactions] [tid: _ThreadID=18 _ThreadName=RunLevelControllerThread-1497923878125] [timeMillis: 1497923878577] [levelValue: 800] [[
  JTS5014: Recoverable JTS instance, serverId = [100]]]

[2017-06-20T03:57:58.594+0200] [glassfish 4.1] [WARNING] [] [org.glassfish.grizzly.config.Utils] [tid: _ThreadID=17 _ThreadName=RunLevelControllerThread-1497923878125] [timeMillis: 1497923878594] [levelValue: 900] [[
  Instance could not be initialized. Class=interface org.glassfish.grizzly.http.server.AddOn, name=http-listener-1, realClassName=org.glassfish.grizzly.http2.Http2AddOn]]

[2017-06-20T03:57:58.643+0200] [glassfish 4.1] [INFO] [NCLS-CORE-00087] [javax.enterprise.system.core] [tid: _ThreadID=17 _ThreadName=RunLevelControllerThread-1497923878125] [timeMillis: 1497923878643] [levelValue: 800] [[
  Grizzly Framework 2.3.23 started in: 20ms - bound to [/0.0.0.0:8080]]]

[2017-06-20T03:57:58.659+0200] [glassfish 4.1] [WARNING] [] [org.glassfish.grizzly.config.Utils] [tid: _ThreadID=17 _ThreadName=RunLevelControllerThread-1497923878125] [timeMillis: 1497923878659] [levelValue: 900] [[
  Instance could not be initialized. Class=interface org.glassfish.grizzly.http.server.AddOn, name=http-listener-2, realClassName=org.glassfish.grizzly.http2.Http2AddOn]]

[2017-06-20T03:57:58.665+0200] [glassfish 4.1] [INFO] [NCLS-CORE-00087] [javax.enterprise.system.core] [tid: _ThreadID=17 _ThreadName=RunLevelControllerThread-1497923878125] [timeMillis: 1497923878665] [levelValue: 800] [[
  Grizzly Framework 2.3.23 started in: 2ms - bound to [/0.0.0.0:8181]]]

[2017-06-20T03:57:58.672+0200] [glassfish 4.1] [WARNING] [] [org.glassfish.grizzly.config.Utils] [tid: _ThreadID=17 _ThreadName=RunLevelControllerThread-1497923878125] [timeMillis: 1497923878672] [levelValue: 900] [[
  Instance could not be initialized. Class=interface org.glassfish.grizzly.http.server.AddOn, name=admin-listener, realClassName=org.glassfish.grizzly.http2.Http2AddOn]]

[2017-06-20T03:57:58.677+0200] [glassfish 4.1] [INFO] [NCLS-CORE-00087] [javax.enterprise.system.core] [tid: _ThreadID=17 _ThreadName=RunLevelControllerThread-1497923878125] [timeMillis: 1497923878677] [levelValue: 800] [[
  Grizzly Framework 2.3.23 started in: 2ms - bound to [/0.0.0.0:4848]]]

[2017-06-20T03:57:58.719+0200] [glassfish 4.1] [INFO] [NCLS-CORE-00087] [javax.enterprise.system.core] [tid: _ThreadID=19 _ThreadName=RunLevelControllerThread-1497923878129] [timeMillis: 1497923878719] [levelValue: 800] [[
  Grizzly Framework 2.3.23 started in: 2ms - bound to [/0.0.0.0:3700]]]

[2017-06-20T03:57:58.789+0200] [glassfish 4.1] [INFO] [] [javax.enterprise.system.tools.deployment.common] [tid: _ThreadID=18 _ThreadName=RunLevelControllerThread-1497923878125] [timeMillis: 1497923878789] [levelValue: 800] [[
  visiting unvisited references]]

[2017-06-20T03:57:59.035+0200] [glassfish 4.1] [INFO] [NCLS-SECURITY-01002] [javax.enterprise.system.core.security] [tid: _ThreadID=18 _ThreadName=RunLevelControllerThread-1497923878125] [timeMillis: 1497923879035] [levelValue: 800] [[
  Java security manager is disabled.]]

[2017-06-20T03:57:59.036+0200] [glassfish 4.1] [INFO] [NCLS-SECURITY-01010] [javax.enterprise.system.core.security] [tid: _ThreadID=18 _ThreadName=RunLevelControllerThread-1497923878125] [timeMillis: 1497923879036] [levelValue: 800] [[
  Entering Security Startup Service.]]

[2017-06-20T03:57:59.040+0200] [glassfish 4.1] [INFO] [NCLS-SECURITY-01143] [javax.enterprise.system.core.security] [tid: _ThreadID=18 _ThreadName=RunLevelControllerThread-1497923878125] [timeMillis: 1497923879040] [levelValue: 800] [[
  Loading policy provider com.sun.enterprise.security.provider.PolicyWrapper.]]

[2017-06-20T03:57:59.069+0200] [glassfish 4.1] [INFO] [NCLS-SECURITY-01011] [javax.enterprise.system.core.security] [tid: _ThreadID=18 _ThreadName=RunLevelControllerThread-1497923878125] [timeMillis: 1497923879069] [levelValue: 800] [[
  Security Service(s) started successfully.]]

[2017-06-20T03:57:59.244+0200] [glassfish 4.1] [INFO] [AS-WEB-GLUE-00198] [javax.enterprise.web] [tid: _ThreadID=18 _ThreadName=RunLevelControllerThread-1497923878125] [timeMillis: 1497923879244] [levelValue: 800] [[
  Created HTTP listener http-listener-1 on host/port 0.0.0.0:8080]]

[2017-06-20T03:57:59.250+0200] [glassfish 4.1] [INFO] [AS-WEB-GLUE-00198] [javax.enterprise.web] [tid: _ThreadID=18 _ThreadName=RunLevelControllerThread-1497923878125] [timeMillis: 1497923879250] [levelValue: 800] [[
  Created HTTP listener http-listener-2 on host/port 0.0.0.0:8181]]

[2017-06-20T03:57:59.253+0200] [glassfish 4.1] [INFO] [AS-WEB-GLUE-00198] [javax.enterprise.web] [tid: _ThreadID=18 _ThreadName=RunLevelControllerThread-1497923878125] [timeMillis: 1497923879253] [levelValue: 800] [[
  Created HTTP listener admin-listener on host/port 0.0.0.0:4848]]

[2017-06-20T03:57:59.271+0200] [glassfish 4.1] [INFO] [AS-WEB-GLUE-00200] [javax.enterprise.web] [tid: _ThreadID=18 _ThreadName=RunLevelControllerThread-1497923878125] [timeMillis: 1497923879271] [levelValue: 800] [[
  Created virtual server server]]

[2017-06-20T03:57:59.273+0200] [glassfish 4.1] [INFO] [AS-WEB-GLUE-00200] [javax.enterprise.web] [tid: _ThreadID=18 _ThreadName=RunLevelControllerThread-1497923878125] [timeMillis: 1497923879273] [levelValue: 800] [[
  Created virtual server __asadmin]]

[2017-06-20T03:57:59.448+0200] [glassfish 4.1] [INFO] [AS-WEB-CORE-00306] [javax.enterprise.web.core] [tid: _ThreadID=18 _ThreadName=RunLevelControllerThread-1497923878125] [timeMillis: 1497923879448] [levelValue: 800] [[
  Setting JAAS app name glassfish-web]]

[2017-06-20T03:57:59.449+0200] [glassfish 4.1] [INFO] [AS-WEB-GLUE-00201] [javax.enterprise.web] [tid: _ThreadID=18 _ThreadName=RunLevelControllerThread-1497923878125] [timeMillis: 1497923879449] [levelValue: 800] [[
  Virtual server server loaded default web module ]]

[2017-06-20T03:57:59.905+0200] [glassfish 4.1] [INFO] [] [javax.enterprise.system.tools.deployment.common] [tid: _ThreadID=18 _ThreadName=RunLevelControllerThread-1497923878125] [timeMillis: 1497923879905] [levelValue: 800] [[
  visiting unvisited references]]

[2017-06-20T03:57:59.958+0200] [glassfish 4.1] [INFO] [] [javax.enterprise.system.tools.deployment.common] [tid: _ThreadID=18 _ThreadName=RunLevelControllerThread-1497923878125] [timeMillis: 1497923879958] [levelValue: 800] [[
  visiting unvisited references]]

[2017-06-20T03:57:59.960+0200] [glassfish 4.1] [INFO] [] [javax.enterprise.system.tools.deployment.common] [tid: _ThreadID=18 _ThreadName=RunLevelControllerThread-1497923878125] [timeMillis: 1497923879960] [levelValue: 800] [[
  visiting unvisited references]]

[2017-06-20T03:58:00.067+0200] [glassfish 4.1] [WARNING] [] [javax.enterprise.web.util] [tid: _ThreadID=18 _ThreadName=RunLevelControllerThread-1497923878125] [timeMillis: 1497923880067] [levelValue: 900] [[
  The web application [unknown] registered the JDBC driver [org.sqlite.JDBC] but failed to unregister it when the web application was stopped. To prevent a memory leak, the JDBC Driver has been forcibly unregistered.]]

[2017-06-20T03:58:00.175+0200] [glassfish 4.1] [INFO] [AS-WEB-GLUE-00172] [javax.enterprise.web] [tid: _ThreadID=18 _ThreadName=RunLevelControllerThread-1497923878125] [timeMillis: 1497923880175] [levelValue: 800] [[
  Loading application [ContentMangementSystem] at [/ContentMangementSystem]]]

[2017-06-20T03:58:00.177+0200] [glassfish 4.1] [INFO] [NCLS-CORE-00022] [javax.enterprise.system.core] [tid: _ThreadID=18 _ThreadName=RunLevelControllerThread-1497923878125] [timeMillis: 1497923880177] [levelValue: 800] [[
  Loading application ContentMangementSystem done in 1.662 ms]]

[2017-06-20T03:58:00.178+0200] [glassfish 4.1] [INFO] [NCLS-CORE-00017] [javax.enterprise.system.core] [tid: _ThreadID=1 _ThreadName=main] [timeMillis: 1497923880178] [levelValue: 800] [[
  GlassFish Server Open Source Edition  4.1.1  (1) startup time : Felix (1.510ms), startup services(2.057ms), total(3.567ms)]]

[2017-06-20T03:58:00.233+0200] [glassfish 4.1] [INFO] [NCLS-CORE-00087] [javax.enterprise.system.core] [tid: _ThreadID=17 _ThreadName=RunLevelControllerThread-1497923878125] [timeMillis: 1497923880233] [levelValue: 800] [[
  Grizzly Framework 2.3.23 started in: 1ms - bound to [/0.0.0.0:7676]]]

[2017-06-20T03:58:00.318+0200] [glassfish 4.1] [INFO] [NCLS-BOOTSTRAP-00027] [javax.enterprise.bootstrap] [tid: _ThreadID=1 _ThreadName=main] [timeMillis: 1497923880318] [levelValue: 800] [[
  Registered com.sun.enterprise.glassfish.bootstrap.osgi.EmbeddedOSGiGlassFishImpl@1436a7ab as OSGi service registration: org.apache.felix.framework.ServiceRegistrationImpl@796065aa.]]

[2017-06-20T03:58:00.392+0200] [glassfish 4.1] [INFO] [NCLS-JMX-00005] [javax.enterprise.system.jmx] [tid: _ThreadID=67 _ThreadName=Thread-18] [timeMillis: 1497923880392] [levelValue: 800] [[
  JMXStartupService has started JMXConnector on JMXService URL service:jmx:rmi://Jonas-Win10:8686/jndi/rmi://Jonas-Win10:8686/jmxrmi]]

[2017-06-20T03:58:02.584+0200] [glassfish 4.1] [INFO] [] [org.hibernate.validator.internal.util.Version] [tid: _ThreadID=44 _ThreadName=admin-listener(2)] [timeMillis: 1497923882584] [levelValue: 800] [[
  HV000001: Hibernate Validator 5.1.2.Final]]

[2017-06-20T03:58:02.842+0200] [glassfish 4.1] [WARNING] [] [org.glassfish.grizzly.config.Utils] [tid: _ThreadID=96 _ThreadName=pool-20-thread-1] [timeMillis: 1497923882842] [levelValue: 900] [[
  Instance could not be initialized. Class=interface org.glassfish.grizzly.http.server.AddOn, name=http-listener-2, realClassName=org.glassfish.grizzly.http2.Http2AddOn]]

[2017-06-20T03:58:02.844+0200] [glassfish 4.1] [INFO] [AS-WEB-GLUE-00198] [javax.enterprise.web] [tid: _ThreadID=96 _ThreadName=pool-20-thread-1] [timeMillis: 1497923882844] [levelValue: 800] [[
  Created HTTP listener http-listener-2 on host/port 0.0.0.0:8181]]

[2017-06-20T03:58:02.857+0200] [glassfish 4.1] [INFO] [NCLS-CORE-00087] [javax.enterprise.system.core] [tid: _ThreadID=96 _ThreadName=pool-20-thread-1] [timeMillis: 1497923882857] [levelValue: 800] [[
  Grizzly Framework 2.3.23 started in: 5ms - bound to [/0.0.0.0:8181]]]

[2017-06-20T03:58:02.945+0200] [glassfish 4.1] [WARNING] [] [org.glassfish.grizzly.config.Utils] [tid: _ThreadID=95 _ThreadName=pool-19-thread-1] [timeMillis: 1497923882945] [levelValue: 900] [[
  Instance could not be initialized. Class=interface org.glassfish.grizzly.http.server.AddOn, name=http-listener-1, realClassName=org.glassfish.grizzly.http2.Http2AddOn]]

[2017-06-20T03:58:02.948+0200] [glassfish 4.1] [INFO] [AS-WEB-GLUE-00198] [javax.enterprise.web] [tid: _ThreadID=95 _ThreadName=pool-19-thread-1] [timeMillis: 1497923882948] [levelValue: 800] [[
  Created HTTP listener http-listener-1 on host/port 0.0.0.0:8080]]

[2017-06-20T03:58:02.959+0200] [glassfish 4.1] [INFO] [NCLS-CORE-00087] [javax.enterprise.system.core] [tid: _ThreadID=95 _ThreadName=pool-19-thread-1] [timeMillis: 1497923882959] [levelValue: 800] [[
  Grizzly Framework 2.3.23 started in: 4ms - bound to [/0.0.0.0:8080]]]

[2017-06-20T03:58:03.811+0200] [glassfish 4.1] [INFO] [] [javax.enterprise.system.tools.deployment.common] [tid: _ThreadID=44 _ThreadName=admin-listener(2)] [timeMillis: 1497923883811] [levelValue: 800] [[
  visiting unvisited references]]

[2017-06-20T03:58:03.866+0200] [glassfish 4.1] [INFO] [] [javax.enterprise.system.tools.deployment.common] [tid: _ThreadID=44 _ThreadName=admin-listener(2)] [timeMillis: 1497923883866] [levelValue: 800] [[
  visiting unvisited references]]

[2017-06-20T03:58:03.872+0200] [glassfish 4.1] [INFO] [] [javax.enterprise.system.tools.deployment.common] [tid: _ThreadID=44 _ThreadName=admin-listener(2)] [timeMillis: 1497923883872] [levelValue: 800] [[
  visiting unvisited references]]

[2017-06-20T03:58:03.873+0200] [glassfish 4.1] [INFO] [] [javax.enterprise.system.tools.deployment.common] [tid: _ThreadID=44 _ThreadName=admin-listener(2)] [timeMillis: 1497923883873] [levelValue: 800] [[
  visiting unvisited references]]

[2017-06-20T03:58:03.967+0200] [glassfish 4.1] [INFO] [AS-WEB-GLUE-00172] [javax.enterprise.web] [tid: _ThreadID=44 _ThreadName=admin-listener(2)] [timeMillis: 1497923883967] [levelValue: 800] [[
  Loading application [ContentMangementSystem] at [/ContentMangementSystem]]]

[2017-06-20T03:58:04.004+0200] [glassfish 4.1] [INFO] [] [javax.enterprise.system.core] [tid: _ThreadID=44 _ThreadName=admin-listener(2)] [timeMillis: 1497923884004] [levelValue: 800] [[
  ContentMangementSystem was successfully deployed in 355 milliseconds.]]

[2017-06-20T03:58:14.122+0200] [glassfish 4.1] [INFO] [] [] [tid: _ThreadID=109 _ThreadName=Thread-8] [timeMillis: 1497923894122] [levelValue: 800] [[
  C:\Users\Jonas\Desktop\Code\cms\ContentMangementSystem\server\glassfish\domains\domain1\config]]

[2017-06-20T03:58:14.773+0200] [glassfish 4.1] [INFO] [] [] [tid: _ThreadID=109 _ThreadName=Thread-8] [timeMillis: 1497923894773] [levelValue: 800] [[
  Opened database successfully]]

[2017-06-20T04:00:01.328+0200] [glassfish 4.1] [INFO] [] [] [tid: _ThreadID=69 _ThreadName=PingService] [timeMillis: 1497924001328] [levelValue: 800] [[
  Domain Pinged: release.glassfish.org]]

[2017-06-20T04:00:25.106+0200] [glassfish 4.1] [WARNING] [] [javax.enterprise.web.util] [tid: _ThreadID=44 _ThreadName=admin-listener(2)] [timeMillis: 1497924025106] [levelValue: 900] [[
  The web application [/ContentMangementSystem] registered the JDBC driver [org.sqlite.JDBC] but failed to unregister it when the web application was stopped. To prevent a memory leak, the JDBC Driver has been forcibly unregistered.]]

[2017-06-20T04:00:25.174+0200] [glassfish 4.1] [INFO] [] [javax.enterprise.system.tools.deployment.common] [tid: _ThreadID=44 _ThreadName=admin-listener(2)] [timeMillis: 1497924025174] [levelValue: 800] [[
  visiting unvisited references]]

[2017-06-20T04:00:25.267+0200] [glassfish 4.1] [INFO] [] [javax.enterprise.system.tools.deployment.common] [tid: _ThreadID=44 _ThreadName=admin-listener(2)] [timeMillis: 1497924025267] [levelValue: 800] [[
  visiting unvisited references]]

[2017-06-20T04:00:25.281+0200] [glassfish 4.1] [INFO] [] [javax.enterprise.system.tools.deployment.common] [tid: _ThreadID=44 _ThreadName=admin-listener(2)] [timeMillis: 1497924025281] [levelValue: 800] [[
  visiting unvisited references]]

[2017-06-20T04:00:25.282+0200] [glassfish 4.1] [INFO] [] [javax.enterprise.system.tools.deployment.common] [tid: _ThreadID=44 _ThreadName=admin-listener(2)] [timeMillis: 1497924025282] [levelValue: 800] [[
  visiting unvisited references]]

[2017-06-20T04:00:25.411+0200] [glassfish 4.1] [INFO] [AS-WEB-GLUE-00172] [javax.enterprise.web] [tid: _ThreadID=44 _ThreadName=admin-listener(2)] [timeMillis: 1497924025411] [levelValue: 800] [[
  Loading application [ContentMangementSystem] at [/ContentMangementSystem]]]

[2017-06-20T04:00:25.448+0200] [glassfish 4.1] [INFO] [] [javax.enterprise.system.core] [tid: _ThreadID=44 _ThreadName=admin-listener(2)] [timeMillis: 1497924025448] [levelValue: 800] [[
  ContentMangementSystem was successfully deployed in 367 milliseconds.]]

[2017-06-20T04:06:49.135+0200] [glassfish 4.1] [INFO] [] [javax.enterprise.system.tools.deployment.common] [tid: _ThreadID=47 _ThreadName=admin-listener(5)] [timeMillis: 1497924409135] [levelValue: 800] [[
  visiting unvisited references]]

[2017-06-20T04:06:49.177+0200] [glassfish 4.1] [INFO] [] [javax.enterprise.system.tools.deployment.common] [tid: _ThreadID=47 _ThreadName=admin-listener(5)] [timeMillis: 1497924409177] [levelValue: 800] [[
  visiting unvisited references]]

[2017-06-20T04:06:49.185+0200] [glassfish 4.1] [INFO] [] [javax.enterprise.system.tools.deployment.common] [tid: _ThreadID=47 _ThreadName=admin-listener(5)] [timeMillis: 1497924409185] [levelValue: 800] [[
  visiting unvisited references]]

[2017-06-20T04:06:49.186+0200] [glassfish 4.1] [INFO] [] [javax.enterprise.system.tools.deployment.common] [tid: _ThreadID=47 _ThreadName=admin-listener(5)] [timeMillis: 1497924409186] [levelValue: 800] [[
  visiting unvisited references]]

[2017-06-20T04:06:49.295+0200] [glassfish 4.1] [INFO] [AS-WEB-GLUE-00172] [javax.enterprise.web] [tid: _ThreadID=47 _ThreadName=admin-listener(5)] [timeMillis: 1497924409295] [levelValue: 800] [[
  Loading application [ContentMangementSystem] at [/ContentMangementSystem]]]

[2017-06-20T04:06:49.321+0200] [glassfish 4.1] [INFO] [] [javax.enterprise.system.core] [tid: _ThreadID=47 _ThreadName=admin-listener(5)] [timeMillis: 1497924409321] [levelValue: 800] [[
  ContentMangementSystem was successfully deployed in 270 milliseconds.]]

[2017-06-20T04:06:53.622+0200] [glassfish 4.1] [INFO] [] [] [tid: _ThreadID=107 _ThreadName=Thread-8] [timeMillis: 1497924413622] [levelValue: 800] [[
  C:\Users\Jonas\Desktop\Code\cms\ContentMangementSystem\server\glassfish\modules\glassfish.jar;C:\Users\Jonas\Desktop\Code\cms\ContentMangementSystem\server\glassfish\lib\monitor\flashlight-agent.jar]]

[2017-06-20T04:06:57.355+0200] [glassfish 4.1] [SEVERE] [] [] [tid: _ThreadID=107 _ThreadName=Thread-9] [timeMillis: 1497924417355] [levelValue: 1000] [[
  org.sqlite.SQLiteException: [SQLITE_BUSY]  The database file is locked (database is locked)]]

[2017-06-20T04:08:02.662+0200] [glassfish 4.1] [INFO] [NCLS-LOGGING-00009] [javax.enterprise.logging] [tid: _ThreadID=18 _ThreadName=RunLevelControllerThread-1497924482564] [timeMillis: 1497924482662] [levelValue: 800] [[
  Running GlassFish Version: GlassFish Server Open Source Edition  4.1.1  (build 1)]]

[2017-06-20T04:08:02.664+0200] [glassfish 4.1] [INFO] [NCLS-LOGGING-00010] [javax.enterprise.logging] [tid: _ThreadID=18 _ThreadName=RunLevelControllerThread-1497924482564] [timeMillis: 1497924482664] [levelValue: 800] [[
  Server log file is using Formatter class: com.sun.enterprise.server.logging.ODLLogFormatter]]

[2017-06-20T04:08:02.745+0200] [glassfish 4.1] [INFO] [NCLS-SECURITY-01115] [javax.enterprise.system.core.security] [tid: _ThreadID=19 _ThreadName=RunLevelControllerThread-1497924482569] [timeMillis: 1497924482745] [levelValue: 800] [[
  Realm [admin-realm] of classtype [com.sun.enterprise.security.auth.realm.file.FileRealm] successfully created.]]

[2017-06-20T04:08:02.747+0200] [glassfish 4.1] [INFO] [NCLS-SECURITY-01115] [javax.enterprise.system.core.security] [tid: _ThreadID=19 _ThreadName=RunLevelControllerThread-1497924482569] [timeMillis: 1497924482747] [levelValue: 800] [[
  Realm [file] of classtype [com.sun.enterprise.security.auth.realm.file.FileRealm] successfully created.]]

[2017-06-20T04:08:02.750+0200] [glassfish 4.1] [INFO] [NCLS-SECURITY-01115] [javax.enterprise.system.core.security] [tid: _ThreadID=19 _ThreadName=RunLevelControllerThread-1497924482569] [timeMillis: 1497924482750] [levelValue: 800] [[
  Realm [certificate] of classtype [com.sun.enterprise.security.auth.realm.certificate.CertificateRealm] successfully created.]]

[2017-06-20T04:08:02.847+0200] [glassfish 4.1] [INFO] [SEC-SVCS-00100] [javax.enterprise.security.services] [tid: _ThreadID=18 _ThreadName=RunLevelControllerThread-1497924482564] [timeMillis: 1497924482847] [levelValue: 800] [[
  Authorization Service has successfully initialized.]]

[2017-06-20T04:08:02.973+0200] [glassfish 4.1] [INFO] [] [org.glassfish.ha.store.spi.BackingStoreFactoryRegistry] [tid: _ThreadID=17 _ThreadName=RunLevelControllerThread-1497924482563] [timeMillis: 1497924482973] [levelValue: 800] [[
  Registered org.glassfish.ha.store.adapter.cache.ShoalBackingStoreProxy for persistence-type = replicated in BackingStoreFactoryRegistry]]

[2017-06-20T04:08:03.032+0200] [glassfish 4.1] [INFO] [jts.startup_msg] [javax.enterprise.system.core.transaction.com.sun.jts.CosTransactions] [tid: _ThreadID=20 _ThreadName=RunLevelControllerThread-1497924482569] [timeMillis: 1497924483032] [levelValue: 800] [[
  JTS5014: Recoverable JTS instance, serverId = [100]]]

[2017-06-20T04:08:03.058+0200] [glassfish 4.1] [WARNING] [] [org.glassfish.grizzly.config.Utils] [tid: _ThreadID=19 _ThreadName=RunLevelControllerThread-1497924482569] [timeMillis: 1497924483058] [levelValue: 900] [[
  Instance could not be initialized. Class=interface org.glassfish.grizzly.http.server.AddOn, name=http-listener-1, realClassName=org.glassfish.grizzly.http2.Http2AddOn]]

[2017-06-20T04:08:03.102+0200] [glassfish 4.1] [INFO] [NCLS-CORE-00087] [javax.enterprise.system.core] [tid: _ThreadID=19 _ThreadName=RunLevelControllerThread-1497924482569] [timeMillis: 1497924483102] [levelValue: 800] [[
  Grizzly Framework 2.3.23 started in: 22ms - bound to [/0.0.0.0:8080]]]

[2017-06-20T04:08:03.117+0200] [glassfish 4.1] [WARNING] [] [org.glassfish.grizzly.config.Utils] [tid: _ThreadID=19 _ThreadName=RunLevelControllerThread-1497924482569] [timeMillis: 1497924483117] [levelValue: 900] [[
  Instance could not be initialized. Class=interface org.glassfish.grizzly.http.server.AddOn, name=http-listener-2, realClassName=org.glassfish.grizzly.http2.Http2AddOn]]

[2017-06-20T04:08:03.122+0200] [glassfish 4.1] [INFO] [NCLS-CORE-00087] [javax.enterprise.system.core] [tid: _ThreadID=19 _ThreadName=RunLevelControllerThread-1497924482569] [timeMillis: 1497924483122] [levelValue: 800] [[
  Grizzly Framework 2.3.23 started in: 2ms - bound to [/0.0.0.0:8181]]]

[2017-06-20T04:08:03.148+0200] [glassfish 4.1] [WARNING] [] [org.glassfish.grizzly.config.Utils] [tid: _ThreadID=19 _ThreadName=RunLevelControllerThread-1497924482569] [timeMillis: 1497924483148] [levelValue: 900] [[
  Instance could not be initialized. Class=interface org.glassfish.grizzly.http.server.AddOn, name=admin-listener, realClassName=org.glassfish.grizzly.http2.Http2AddOn]]

[2017-06-20T04:08:03.154+0200] [glassfish 4.1] [INFO] [NCLS-CORE-00087] [javax.enterprise.system.core] [tid: _ThreadID=19 _ThreadName=RunLevelControllerThread-1497924482569] [timeMillis: 1497924483154] [levelValue: 800] [[
  Grizzly Framework 2.3.23 started in: 2ms - bound to [/0.0.0.0:4848]]]

[2017-06-20T04:08:03.190+0200] [glassfish 4.1] [INFO] [NCLS-CORE-00087] [javax.enterprise.system.core] [tid: _ThreadID=18 _ThreadName=RunLevelControllerThread-1497924482564] [timeMillis: 1497924483190] [levelValue: 800] [[
  Grizzly Framework 2.3.23 started in: 2ms - bound to [/0.0.0.0:3700]]]

[2017-06-20T04:08:03.234+0200] [glassfish 4.1] [INFO] [] [javax.enterprise.system.tools.deployment.common] [tid: _ThreadID=20 _ThreadName=RunLevelControllerThread-1497924482569] [timeMillis: 1497924483234] [levelValue: 800] [[
  visiting unvisited references]]

[2017-06-20T04:08:03.529+0200] [glassfish 4.1] [INFO] [NCLS-SECURITY-01002] [javax.enterprise.system.core.security] [tid: _ThreadID=20 _ThreadName=RunLevelControllerThread-1497924482569] [timeMillis: 1497924483529] [levelValue: 800] [[
  Java security manager is disabled.]]

[2017-06-20T04:08:03.529+0200] [glassfish 4.1] [INFO] [NCLS-SECURITY-01010] [javax.enterprise.system.core.security] [tid: _ThreadID=20 _ThreadName=RunLevelControllerThread-1497924482569] [timeMillis: 1497924483529] [levelValue: 800] [[
  Entering Security Startup Service.]]

[2017-06-20T04:08:03.533+0200] [glassfish 4.1] [INFO] [NCLS-SECURITY-01143] [javax.enterprise.system.core.security] [tid: _ThreadID=20 _ThreadName=RunLevelControllerThread-1497924482569] [timeMillis: 1497924483533] [levelValue: 800] [[
  Loading policy provider com.sun.enterprise.security.provider.PolicyWrapper.]]

[2017-06-20T04:08:03.566+0200] [glassfish 4.1] [INFO] [NCLS-SECURITY-01011] [javax.enterprise.system.core.security] [tid: _ThreadID=20 _ThreadName=RunLevelControllerThread-1497924482569] [timeMillis: 1497924483566] [levelValue: 800] [[
  Security Service(s) started successfully.]]

[2017-06-20T04:08:03.767+0200] [glassfish 4.1] [INFO] [AS-WEB-GLUE-00198] [javax.enterprise.web] [tid: _ThreadID=20 _ThreadName=RunLevelControllerThread-1497924482569] [timeMillis: 1497924483767] [levelValue: 800] [[
  Created HTTP listener http-listener-1 on host/port 0.0.0.0:8080]]

[2017-06-20T04:08:03.774+0200] [glassfish 4.1] [INFO] [AS-WEB-GLUE-00198] [javax.enterprise.web] [tid: _ThreadID=20 _ThreadName=RunLevelControllerThread-1497924482569] [timeMillis: 1497924483774] [levelValue: 800] [[
  Created HTTP listener http-listener-2 on host/port 0.0.0.0:8181]]

[2017-06-20T04:08:03.776+0200] [glassfish 4.1] [INFO] [AS-WEB-GLUE-00198] [javax.enterprise.web] [tid: _ThreadID=20 _ThreadName=RunLevelControllerThread-1497924482569] [timeMillis: 1497924483776] [levelValue: 800] [[
  Created HTTP listener admin-listener on host/port 0.0.0.0:4848]]

[2017-06-20T04:08:03.801+0200] [glassfish 4.1] [INFO] [AS-WEB-GLUE-00200] [javax.enterprise.web] [tid: _ThreadID=20 _ThreadName=RunLevelControllerThread-1497924482569] [timeMillis: 1497924483801] [levelValue: 800] [[
  Created virtual server server]]

[2017-06-20T04:08:03.804+0200] [glassfish 4.1] [INFO] [AS-WEB-GLUE-00200] [javax.enterprise.web] [tid: _ThreadID=20 _ThreadName=RunLevelControllerThread-1497924482569] [timeMillis: 1497924483804] [levelValue: 800] [[
  Created virtual server __asadmin]]

[2017-06-20T04:08:03.989+0200] [glassfish 4.1] [INFO] [AS-WEB-CORE-00306] [javax.enterprise.web.core] [tid: _ThreadID=20 _ThreadName=RunLevelControllerThread-1497924482569] [timeMillis: 1497924483989] [levelValue: 800] [[
  Setting JAAS app name glassfish-web]]

[2017-06-20T04:08:03.990+0200] [glassfish 4.1] [INFO] [AS-WEB-GLUE-00201] [javax.enterprise.web] [tid: _ThreadID=20 _ThreadName=RunLevelControllerThread-1497924482569] [timeMillis: 1497924483990] [levelValue: 800] [[
  Virtual server server loaded default web module ]]

[2017-06-20T04:08:04.519+0200] [glassfish 4.1] [INFO] [] [javax.enterprise.system.tools.deployment.common] [tid: _ThreadID=20 _ThreadName=RunLevelControllerThread-1497924482569] [timeMillis: 1497924484519] [levelValue: 800] [[
  visiting unvisited references]]

[2017-06-20T04:08:04.579+0200] [glassfish 4.1] [INFO] [] [javax.enterprise.system.tools.deployment.common] [tid: _ThreadID=20 _ThreadName=RunLevelControllerThread-1497924482569] [timeMillis: 1497924484579] [levelValue: 800] [[
  visiting unvisited references]]

[2017-06-20T04:08:04.581+0200] [glassfish 4.1] [INFO] [] [javax.enterprise.system.tools.deployment.common] [tid: _ThreadID=20 _ThreadName=RunLevelControllerThread-1497924482569] [timeMillis: 1497924484581] [levelValue: 800] [[
  visiting unvisited references]]

[2017-06-20T04:08:04.689+0200] [glassfish 4.1] [WARNING] [] [javax.enterprise.web.util] [tid: _ThreadID=20 _ThreadName=RunLevelControllerThread-1497924482569] [timeMillis: 1497924484689] [levelValue: 900] [[
  The web application [unknown] registered the JDBC driver [org.sqlite.JDBC] but failed to unregister it when the web application was stopped. To prevent a memory leak, the JDBC Driver has been forcibly unregistered.]]

[2017-06-20T04:08:04.783+0200] [glassfish 4.1] [INFO] [AS-WEB-GLUE-00172] [javax.enterprise.web] [tid: _ThreadID=20 _ThreadName=RunLevelControllerThread-1497924482569] [timeMillis: 1497924484783] [levelValue: 800] [[
  Loading application [ContentMangementSystem] at [/ContentMangementSystem]]]

[2017-06-20T04:08:04.786+0200] [glassfish 4.1] [INFO] [NCLS-CORE-00022] [javax.enterprise.system.core] [tid: _ThreadID=20 _ThreadName=RunLevelControllerThread-1497924482569] [timeMillis: 1497924484786] [levelValue: 800] [[
  Loading application ContentMangementSystem done in 1.815 ms]]

[2017-06-20T04:08:04.787+0200] [glassfish 4.1] [INFO] [NCLS-CORE-00017] [javax.enterprise.system.core] [tid: _ThreadID=1 _ThreadName=main] [timeMillis: 1497924484787] [levelValue: 800] [[
  GlassFish Server Open Source Edition  4.1.1  (1) startup time : Felix (1.606ms), startup services(2.228ms), total(3.834ms)]]

[2017-06-20T04:08:04.849+0200] [glassfish 4.1] [INFO] [NCLS-CORE-00087] [javax.enterprise.system.core] [tid: _ThreadID=17 _ThreadName=RunLevelControllerThread-1497924482563] [timeMillis: 1497924484849] [levelValue: 800] [[
  Grizzly Framework 2.3.23 started in: 2ms - bound to [/0.0.0.0:7676]]]

[2017-06-20T04:08:04.942+0200] [glassfish 4.1] [INFO] [NCLS-BOOTSTRAP-00027] [javax.enterprise.bootstrap] [tid: _ThreadID=1 _ThreadName=main] [timeMillis: 1497924484942] [levelValue: 800] [[
  Registered com.sun.enterprise.glassfish.bootstrap.osgi.EmbeddedOSGiGlassFishImpl@1436a7ab as OSGi service registration: org.apache.felix.framework.ServiceRegistrationImpl@796065aa.]]

[2017-06-20T04:08:05.006+0200] [glassfish 4.1] [INFO] [NCLS-JMX-00005] [javax.enterprise.system.jmx] [tid: _ThreadID=70 _ThreadName=Thread-18] [timeMillis: 1497924485006] [levelValue: 800] [[
  JMXStartupService has started JMXConnector on JMXService URL service:jmx:rmi://Jonas-Win10:8686/jndi/rmi://Jonas-Win10:8686/jmxrmi]]

[2017-06-20T04:08:06.099+0200] [glassfish 4.1] [INFO] [] [org.hibernate.validator.internal.util.Version] [tid: _ThreadID=47 _ThreadName=admin-listener(5)] [timeMillis: 1497924486099] [levelValue: 800] [[
  HV000001: Hibernate Validator 5.1.2.Final]]

[2017-06-20T04:08:06.930+0200] [glassfish 4.1] [WARNING] [] [org.glassfish.grizzly.config.Utils] [tid: _ThreadID=98 _ThreadName=pool-23-thread-1] [timeMillis: 1497924486930] [levelValue: 900] [[
  Instance could not be initialized. Class=interface org.glassfish.grizzly.http.server.AddOn, name=http-listener-2, realClassName=org.glassfish.grizzly.http2.Http2AddOn]]

[2017-06-20T04:08:06.932+0200] [glassfish 4.1] [INFO] [AS-WEB-GLUE-00198] [javax.enterprise.web] [tid: _ThreadID=98 _ThreadName=pool-23-thread-1] [timeMillis: 1497924486932] [levelValue: 800] [[
  Created HTTP listener http-listener-2 on host/port 0.0.0.0:8181]]

[2017-06-20T04:08:06.944+0200] [glassfish 4.1] [INFO] [NCLS-CORE-00087] [javax.enterprise.system.core] [tid: _ThreadID=98 _ThreadName=pool-23-thread-1] [timeMillis: 1497924486944] [levelValue: 800] [[
  Grizzly Framework 2.3.23 started in: 5ms - bound to [/0.0.0.0:8181]]]

[2017-06-20T04:08:07.006+0200] [glassfish 4.1] [WARNING] [] [org.glassfish.grizzly.config.Utils] [tid: _ThreadID=98 _ThreadName=pool-23-thread-1] [timeMillis: 1497924487006] [levelValue: 900] [[
  Instance could not be initialized. Class=interface org.glassfish.grizzly.http.server.AddOn, name=http-listener-1, realClassName=org.glassfish.grizzly.http2.Http2AddOn]]

[2017-06-20T04:08:07.007+0200] [glassfish 4.1] [INFO] [AS-WEB-GLUE-00198] [javax.enterprise.web] [tid: _ThreadID=98 _ThreadName=pool-23-thread-1] [timeMillis: 1497924487007] [levelValue: 800] [[
  Created HTTP listener http-listener-1 on host/port 0.0.0.0:8080]]

[2017-06-20T04:08:07.013+0200] [glassfish 4.1] [INFO] [NCLS-CORE-00087] [javax.enterprise.system.core] [tid: _ThreadID=98 _ThreadName=pool-23-thread-1] [timeMillis: 1497924487013] [levelValue: 800] [[
  Grizzly Framework 2.3.23 started in: 3ms - bound to [/0.0.0.0:8080]]]

[2017-06-20T04:08:07.729+0200] [glassfish 4.1] [INFO] [] [javax.enterprise.system.tools.deployment.common] [tid: _ThreadID=45 _ThreadName=admin-listener(3)] [timeMillis: 1497924487729] [levelValue: 800] [[
  visiting unvisited references]]

[2017-06-20T04:08:07.789+0200] [glassfish 4.1] [INFO] [] [javax.enterprise.system.tools.deployment.common] [tid: _ThreadID=45 _ThreadName=admin-listener(3)] [timeMillis: 1497924487789] [levelValue: 800] [[
  visiting unvisited references]]

[2017-06-20T04:08:07.795+0200] [glassfish 4.1] [INFO] [] [javax.enterprise.system.tools.deployment.common] [tid: _ThreadID=45 _ThreadName=admin-listener(3)] [timeMillis: 1497924487795] [levelValue: 800] [[
  visiting unvisited references]]

[2017-06-20T04:08:07.797+0200] [glassfish 4.1] [INFO] [] [javax.enterprise.system.tools.deployment.common] [tid: _ThreadID=45 _ThreadName=admin-listener(3)] [timeMillis: 1497924487797] [levelValue: 800] [[
  visiting unvisited references]]

[2017-06-20T04:08:07.900+0200] [glassfish 4.1] [INFO] [AS-WEB-GLUE-00172] [javax.enterprise.web] [tid: _ThreadID=45 _ThreadName=admin-listener(3)] [timeMillis: 1497924487900] [levelValue: 800] [[
  Loading application [ContentMangementSystem] at [/ContentMangementSystem]]]

[2017-06-20T04:08:07.940+0200] [glassfish 4.1] [INFO] [] [javax.enterprise.system.core] [tid: _ThreadID=45 _ThreadName=admin-listener(3)] [timeMillis: 1497924487940] [levelValue: 800] [[
  ContentMangementSystem was successfully deployed in 343 milliseconds.]]

[2017-06-20T04:08:12.774+0200] [glassfish 4.1] [INFO] [] [] [tid: _ThreadID=111 _ThreadName=Thread-8] [timeMillis: 1497924492774] [levelValue: 800] [[
  C:\Users\Jonas\Desktop\Code\cms\ContentMangementSystem\server\glassfish\modules\glassfish.jar;C:\Users\Jonas\Desktop\Code\cms\ContentMangementSystem\server\glassfish\lib\monitor\flashlight-agent.jar]]

[2017-06-20T04:08:13.615+0200] [glassfish 4.1] [INFO] [] [] [tid: _ThreadID=111 _ThreadName=Thread-8] [timeMillis: 1497924493615] [levelValue: 800] [[
  Opened database successfully]]

[2017-06-20T04:12:10.635+0200] [glassfish 4.1] [WARNING] [] [javax.enterprise.web.util] [tid: _ThreadID=44 _ThreadName=admin-listener(2)] [timeMillis: 1497924730635] [levelValue: 900] [[
  The web application [/ContentMangementSystem] registered the JDBC driver [org.sqlite.JDBC] but failed to unregister it when the web application was stopped. To prevent a memory leak, the JDBC Driver has been forcibly unregistered.]]

[2017-06-20T04:12:10.750+0200] [glassfish 4.1] [INFO] [] [javax.enterprise.system.tools.deployment.common] [tid: _ThreadID=44 _ThreadName=admin-listener(2)] [timeMillis: 1497924730750] [levelValue: 800] [[
  visiting unvisited references]]

[2017-06-20T04:12:10.825+0200] [glassfish 4.1] [INFO] [] [javax.enterprise.system.tools.deployment.common] [tid: _ThreadID=44 _ThreadName=admin-listener(2)] [timeMillis: 1497924730825] [levelValue: 800] [[
  visiting unvisited references]]

[2017-06-20T04:12:10.840+0200] [glassfish 4.1] [INFO] [] [javax.enterprise.system.tools.deployment.common] [tid: _ThreadID=44 _ThreadName=admin-listener(2)] [timeMillis: 1497924730840] [levelValue: 800] [[
  visiting unvisited references]]

[2017-06-20T04:12:10.842+0200] [glassfish 4.1] [INFO] [] [javax.enterprise.system.tools.deployment.common] [tid: _ThreadID=44 _ThreadName=admin-listener(2)] [timeMillis: 1497924730842] [levelValue: 800] [[
  visiting unvisited references]]

[2017-06-20T04:12:10.948+0200] [glassfish 4.1] [INFO] [AS-WEB-GLUE-00172] [javax.enterprise.web] [tid: _ThreadID=44 _ThreadName=admin-listener(2)] [timeMillis: 1497924730948] [levelValue: 800] [[
  Loading application [ContentMangementSystem] at [/ContentMangementSystem]]]

[2017-06-20T04:12:10.970+0200] [glassfish 4.1] [INFO] [] [javax.enterprise.system.core] [tid: _ThreadID=44 _ThreadName=admin-listener(2)] [timeMillis: 1497924730970] [levelValue: 800] [[
  ContentMangementSystem was successfully deployed in 364 milliseconds.]]

[2017-06-20T04:12:22.878+0200] [glassfish 4.1] [INFO] [] [] [tid: _ThreadID=108 _ThreadName=Thread-8] [timeMillis: 1497924742878] [levelValue: 800] [[
  C:\Users\Jonas\Desktop\Code\cms\ContentMangementSystem\server\glassfish\domains\domain1\config]]

[2017-06-20T04:12:22.878+0200] [glassfish 4.1] [INFO] [] [] [tid: _ThreadID=108 _ThreadName=Thread-8] [timeMillis: 1497924742878] [levelValue: 800] [[
  C:\Users\Jonas\Desktop\Code\cms\ContentMangementSystem\server\glassfish\domains\domain1]]

[2017-06-20T04:12:23.566+0200] [glassfish 4.1] [INFO] [] [] [tid: _ThreadID=108 _ThreadName=Thread-8] [timeMillis: 1497924743566] [levelValue: 800] [[
  Opened database successfully]]

[2017-06-20T04:20:15.301+0200] [glassfish 4.1] [WARNING] [] [javax.enterprise.web.util] [tid: _ThreadID=44 _ThreadName=admin-listener(2)] [timeMillis: 1497925215301] [levelValue: 900] [[
  The web application [/ContentMangementSystem] registered the JDBC driver [org.sqlite.JDBC] but failed to unregister it when the web application was stopped. To prevent a memory leak, the JDBC Driver has been forcibly unregistered.]]

[2017-06-20T04:20:15.372+0200] [glassfish 4.1] [INFO] [] [javax.enterprise.system.tools.deployment.common] [tid: _ThreadID=44 _ThreadName=admin-listener(2)] [timeMillis: 1497925215372] [levelValue: 800] [[
  visiting unvisited references]]

[2017-06-20T04:20:15.455+0200] [glassfish 4.1] [INFO] [] [javax.enterprise.system.tools.deployment.common] [tid: _ThreadID=44 _ThreadName=admin-listener(2)] [timeMillis: 1497925215455] [levelValue: 800] [[
  visiting unvisited references]]

[2017-06-20T04:20:15.468+0200] [glassfish 4.1] [INFO] [] [javax.enterprise.system.tools.deployment.common] [tid: _ThreadID=44 _ThreadName=admin-listener(2)] [timeMillis: 1497925215468] [levelValue: 800] [[
  visiting unvisited references]]

[2017-06-20T04:20:15.469+0200] [glassfish 4.1] [INFO] [] [javax.enterprise.system.tools.deployment.common] [tid: _ThreadID=44 _ThreadName=admin-listener(2)] [timeMillis: 1497925215469] [levelValue: 800] [[
  visiting unvisited references]]

[2017-06-20T04:20:15.614+0200] [glassfish 4.1] [INFO] [AS-WEB-GLUE-00172] [javax.enterprise.web] [tid: _ThreadID=44 _ThreadName=admin-listener(2)] [timeMillis: 1497925215614] [levelValue: 800] [[
  Loading application [ContentMangementSystem] at [/ContentMangementSystem]]]

[2017-06-20T04:20:15.634+0200] [glassfish 4.1] [INFO] [] [javax.enterprise.system.core] [tid: _ThreadID=44 _ThreadName=admin-listener(2)] [timeMillis: 1497925215634] [levelValue: 800] [[
  ContentMangementSystem was successfully deployed in 349 milliseconds.]]

[2017-06-20T04:20:19.167+0200] [glassfish 4.1] [INFO] [] [] [tid: _ThreadID=109 _ThreadName=Thread-8] [timeMillis: 1497925219167] [levelValue: 800] [[
  Opened database successfully]]

[2017-06-20T04:20:44.280+0200] [glassfish 4.1] [WARNING] [] [javax.enterprise.web.util] [tid: _ThreadID=43 _ThreadName=admin-listener(1)] [timeMillis: 1497925244280] [levelValue: 900] [[
  The web application [/ContentMangementSystem] registered the JDBC driver [org.sqlite.JDBC] but failed to unregister it when the web application was stopped. To prevent a memory leak, the JDBC Driver has been forcibly unregistered.]]

[2017-06-20T04:20:44.337+0200] [glassfish 4.1] [INFO] [] [javax.enterprise.system.tools.deployment.common] [tid: _ThreadID=43 _ThreadName=admin-listener(1)] [timeMillis: 1497925244337] [levelValue: 800] [[
  visiting unvisited references]]

[2017-06-20T04:20:44.381+0200] [glassfish 4.1] [INFO] [] [javax.enterprise.system.tools.deployment.common] [tid: _ThreadID=43 _ThreadName=admin-listener(1)] [timeMillis: 1497925244381] [levelValue: 800] [[
  visiting unvisited references]]

[2017-06-20T04:20:44.389+0200] [glassfish 4.1] [INFO] [] [javax.enterprise.system.tools.deployment.common] [tid: _ThreadID=43 _ThreadName=admin-listener(1)] [timeMillis: 1497925244389] [levelValue: 800] [[
  visiting unvisited references]]

[2017-06-20T04:20:44.391+0200] [glassfish 4.1] [INFO] [] [javax.enterprise.system.tools.deployment.common] [tid: _ThreadID=43 _ThreadName=admin-listener(1)] [timeMillis: 1497925244391] [levelValue: 800] [[
  visiting unvisited references]]

[2017-06-20T04:20:44.481+0200] [glassfish 4.1] [INFO] [AS-WEB-GLUE-00172] [javax.enterprise.web] [tid: _ThreadID=43 _ThreadName=admin-listener(1)] [timeMillis: 1497925244481] [levelValue: 800] [[
  Loading application [ContentMangementSystem] at [/ContentMangementSystem]]]

[2017-06-20T04:20:44.500+0200] [glassfish 4.1] [INFO] [] [javax.enterprise.system.core] [tid: _ThreadID=43 _ThreadName=admin-listener(1)] [timeMillis: 1497925244500] [levelValue: 800] [[
  ContentMangementSystem was successfully deployed in 241 milliseconds.]]

[2017-06-20T04:20:48.212+0200] [glassfish 4.1] [INFO] [] [] [tid: _ThreadID=111 _ThreadName=Thread-8] [timeMillis: 1497925248212] [levelValue: 800] [[
  Opened database successfully]]

[2017-06-20T05:08:36.819+0200] [glassfish 4.1] [WARNING] [] [javax.enterprise.web.util] [tid: _ThreadID=46 _ThreadName=admin-listener(4)] [timeMillis: 1497928116819] [levelValue: 900] [[
  The web application [/ContentMangementSystem] registered the JDBC driver [org.sqlite.JDBC] but failed to unregister it when the web application was stopped. To prevent a memory leak, the JDBC Driver has been forcibly unregistered.]]

[2017-06-20T05:08:36.919+0200] [glassfish 4.1] [INFO] [] [javax.enterprise.system.tools.deployment.common] [tid: _ThreadID=46 _ThreadName=admin-listener(4)] [timeMillis: 1497928116919] [levelValue: 800] [[
  visiting unvisited references]]

[2017-06-20T05:08:36.976+0200] [glassfish 4.1] [INFO] [] [javax.enterprise.system.tools.deployment.common] [tid: _ThreadID=46 _ThreadName=admin-listener(4)] [timeMillis: 1497928116976] [levelValue: 800] [[
  visiting unvisited references]]

[2017-06-20T05:08:36.990+0200] [glassfish 4.1] [INFO] [] [javax.enterprise.system.tools.deployment.common] [tid: _ThreadID=46 _ThreadName=admin-listener(4)] [timeMillis: 1497928116990] [levelValue: 800] [[
  visiting unvisited references]]

[2017-06-20T05:08:36.992+0200] [glassfish 4.1] [INFO] [] [javax.enterprise.system.tools.deployment.common] [tid: _ThreadID=46 _ThreadName=admin-listener(4)] [timeMillis: 1497928116992] [levelValue: 800] [[
  visiting unvisited references]]

[2017-06-20T05:08:37.108+0200] [glassfish 4.1] [INFO] [AS-WEB-GLUE-00172] [javax.enterprise.web] [tid: _ThreadID=46 _ThreadName=admin-listener(4)] [timeMillis: 1497928117108] [levelValue: 800] [[
  Loading application [ContentMangementSystem] at [/ContentMangementSystem]]]

[2017-06-20T05:08:37.139+0200] [glassfish 4.1] [INFO] [] [javax.enterprise.system.core] [tid: _ThreadID=46 _ThreadName=admin-listener(4)] [timeMillis: 1497928117139] [levelValue: 800] [[
  ContentMangementSystem was successfully deployed in 343 milliseconds.]]

[2017-06-20T05:09:48.483+0200] [glassfish 4.1] [INFO] [NCLS-CORE-00092] [javax.enterprise.system.core] [tid: _ThreadID=213 _ThreadName=Thread-38] [timeMillis: 1497928188483] [levelValue: 800] [[
  Server shutdown initiated]]

[2017-06-20T05:09:48.490+0200] [glassfish 4.1] [INFO] [NCLS-BOOTSTRAP-00028] [javax.enterprise.bootstrap] [tid: _ThreadID=213 _ThreadName=Thread-38] [timeMillis: 1497928188490] [levelValue: 800] [[
  Unregistered com.sun.enterprise.glassfish.bootstrap.osgi.EmbeddedOSGiGlassFishImpl@1436a7ab from service registry.]]

[2017-06-20T05:09:48.490+0200] [glassfish 4.1] [INFO] [] [] [tid: _ThreadID=213 _ThreadName=Thread-8] [timeMillis: 1497928188490] [levelValue: 800] [[
  FileMonitoring shutdown]]

[2017-06-20T05:09:48.495+0200] [glassfish 4.1] [INFO] [NCLS-JMX-00002] [javax.enterprise.system.jmx] [tid: _ThreadID=213 _ThreadName=Thread-38] [timeMillis: 1497928188495] [levelValue: 800] [[
  JMXStartupService: Stopped JMXConnectorServer: null]]

[2017-06-20T05:09:48.495+0200] [glassfish 4.1] [INFO] [NCLS-JMX-00001] [javax.enterprise.system.jmx] [tid: _ThreadID=213 _ThreadName=Thread-38] [timeMillis: 1497928188495] [levelValue: 800] [[
  JMXStartupService and JMXConnectors have been shut down.]]

[2017-06-20T05:09:48.545+0200] [glassfish 4.1] [INFO] [] [] [tid: _ThreadID=217 _ThreadName=Thread-8] [timeMillis: 1497928188545] [levelValue: 800] [[
  JdbcRuntimeExtension,  getAllSystemRAResourcesAndPools = [GlassFishConfigBean.org.glassfish.jdbc.config.JdbcResource, GlassFishConfigBean.org.glassfish.jdbc.config.JdbcResource, GlassFishConfigBean.org.glassfish.jdbc.config.JdbcConnectionPool, GlassFishConfigBean.org.glassfish.jdbc.config.JdbcConnectionPool]]]

